<?xml version="1.0" encoding="UTF-8"?>
<testng-results skipped="0" failed="0" total="1" passed="1">
  <reporter-output>
  </reporter-output>
  <suite name="Default suite" duration-ms="32178" started-at="2021-06-08T14:14:12Z" finished-at="2021-06-08T14:14:44Z">
    <groups>
    </groups>
    <test name="Default test" duration-ms="32178" started-at="2021-06-08T14:14:12Z" finished-at="2021-06-08T14:14:44Z">
      <class name="scenarios.Docker">
        <test-method status="PASS" signature="setUp()[pri:0, instance:scenarios.Docker@5b0abc94]" name="setUp" is-config="true" duration-ms="29547" started-at="2021-06-08T19:44:12Z" finished-at="2021-06-08T19:44:41Z">
          <reporter-output>
          </reporter-output>
        </test-method> <!-- setUp -->
        <test-method status="PASS" signature="dockerPage()[pri:0, instance:scenarios.Docker@5b0abc94]" name="dockerPage" duration-ms="2580" started-at="2021-06-08T19:44:41Z" finished-at="2021-06-08T19:44:44Z">
          <reporter-output>
          </reporter-output>
        </test-method> <!-- dockerPage -->
      </class> <!-- scenarios.Docker -->
    </test> <!-- Default test -->
  </suite> <!-- Default suite -->
</testng-results>
